<?xml version="1.0" encoding="UTF-8"?>
<!-- Generated by org.testng.reporters.JUnitXMLReporter -->
<testsuite hostname="SaravananVenu" ignored="0" name="Default test" tests="4" failures="0" timestamp="31 Jan 2023 07:31:15 GMT" time="19.587" errors="0">
  <testcase name="loginCredentials" time="3.34" classname="org.altoromutual.Login"/>
  <testcase name="accountSummary" time="1.964" classname="org.altoromutual.Login"/>
  <testcase name="transaction" time="5.105" classname="org.altoromutual.Login"/>
  <testcase name="formFilling" time="3.288" classname="org.altoromutual.Login"/>
</testsuite> <!-- Default test -->
